<?xml version="1.0" encoding="UTF-8"?>
<!-- Generated by org.testng.reporters.JUnitReportReporter -->
<testsuite hostname="MSI" failures="0" tests="3" name="DockerProject.CrossBrowserTesting.OpenBrowser" time="26.908" errors="0" timestamp="2024-01-27T02:20:15 IST" skipped="0">
  <testcase classname="DockerProject.CrossBrowserTesting.OpenBrowser" name="BrowserInit" time="8.081"/>
  <testcase classname="DockerProject.CrossBrowserTesting.OpenBrowser" name="BrowserInit" time="10.360"/>
  <testcase classname="DockerProject.CrossBrowserTesting.OpenBrowser" name="BrowserInit" time="8.467"/>
</testsuite> <!-- DockerProject.CrossBrowserTesting.OpenBrowser -->
