<?xml version="1.0" encoding="UTF-8"?>
<!-- Generated by org.testng.reporters.JUnitReportReporter -->
<testsuite hostname="MSI" failures="0" tests="3" name="DockerProject.CrossBrowserTesting.OpenBrowser" time="37.123" errors="0" timestamp="2024-01-27T00:45:25 IST" skipped="0">
  <testcase classname="DockerProject.CrossBrowserTesting.OpenBrowser" name="BrowserInit" time="10.560"/>
  <testcase classname="DockerProject.CrossBrowserTesting.OpenBrowser" name="BrowserInit" time="11.034"/>
  <testcase classname="DockerProject.CrossBrowserTesting.OpenBrowser" name="BrowserInit" time="15.529"/>
</testsuite> <!-- DockerProject.CrossBrowserTesting.OpenBrowser -->
