<?xml version="1.0" encoding="UTF-8"?>
<!-- Generated by org.testng.reporters.JUnitReportReporter -->
<testsuite hostname="MSI" failures="0" tests="3" name="DockerProject.CrossBrowserTesting.OpenBrowser" time="25.369" errors="0" timestamp="2024-01-27T02:29:48 IST" skipped="0">
  <testcase classname="DockerProject.CrossBrowserTesting.OpenBrowser" name="BrowserInit" time="10.028"/>
  <testcase classname="DockerProject.CrossBrowserTesting.OpenBrowser" name="BrowserInit" time="7.870"/>
  <testcase classname="DockerProject.CrossBrowserTesting.OpenBrowser" name="BrowserInit" time="7.471"/>
</testsuite> <!-- DockerProject.CrossBrowserTesting.OpenBrowser -->
